[35m[1mConsolidate compiler generated dependencies of target sphere_mover[0m
[ 66%] Built target robot_tf_publisher
[ 66%] Built target robot_movement
[ 83%] [32m[1mLinking CXX executable sphere_mover[0m
/usr/bin/ld: /usr/lib/gcc/x86_64-linux-gnu/11/../../../x86_64-linux-gnu/Scrt1.o: in function `_start':
(.text+0x1b): undefined reference to `main'
collect2: error: ld returned 1 exit status
gmake[2]: *** [CMakeFiles/sphere_mover.dir/build.make:183: sphere_mover] Error 1
gmake[1]: *** [CMakeFiles/Makefile2:193: CMakeFiles/sphere_mover.dir/all] Error 2
gmake: *** [Makefile:146: all] Error 2
