[0.099s] Invoking command in '/home/zulal/gazebo_ws/build/vr_sim': CMAKE_PREFIX_PATH=${CMAKE_PREFIX_PATH}:/opt/ros/humble /usr/bin/cmake --build /home/zulal/gazebo_ws/build/vr_sim -- -j12 -l12
[0.149s] [ 50%] [32mBuilding CXX object CMakeFiles/robot_movement.dir/src/robot_movement.cpp.o[0m
[2.373s] [01m[K/home/zulal/gazebo_ws/src/vr_sim/src/robot_movement.cpp:[m[K In member function â€˜[01m[Kvoid RobotMovement::pose_callback(geometry_msgs::msg::PoseStamped_<std::allocator<void> >::SharedPtr)[m[Kâ€™:
[2.374s] [01m[K/home/zulal/gazebo_ws/src/vr_sim/src/robot_movement.cpp:27:24:[m[K [01;31m[Kerror: [m[Kâ€˜[01m[Kusing _state_type = struct gazebo_msgs::msg::EntityState_<std::allocator<void> >[m[Kâ€™ {aka â€˜[01m[Kstruct gazebo_msgs::msg::EntityState_<std::allocator<void> >[m[Kâ€™} has no member named â€˜[01m[Kmodel_name[m[Kâ€™
[2.374s]    27 |         request->state.[01;31m[Kmodel_name[m[K = "sphere"; // Must match the spawned model's name
[2.374s]       |                        [01;31m[K^~~~~~~~~~[m[K
[4.346s] gmake[2]: *** [CMakeFiles/robot_movement.dir/build.make:76: CMakeFiles/robot_movement.dir/src/robot_movement.cpp.o] Error 1
[4.346s] gmake[1]: *** [CMakeFiles/Makefile2:137: CMakeFiles/robot_movement.dir/all] Error 2
[4.346s] gmake: *** [Makefile:146: all] Error 2
[4.348s] Invoked command in '/home/zulal/gazebo_ws/build/vr_sim' returned '2': CMAKE_PREFIX_PATH=${CMAKE_PREFIX_PATH}:/opt/ros/humble /usr/bin/cmake --build /home/zulal/gazebo_ws/build/vr_sim -- -j12 -l12
