[0.102s] Invoking command in '/home/zulal/gazebo_ws/build/vr_sim': CMAKE_PREFIX_PATH=${CMAKE_PREFIX_PATH}:/opt/ros/humble /usr/bin/cmake /home/zulal/gazebo_ws/src/vr_sim -DCMAKE_INSTALL_PREFIX=/home/zulal/gazebo_ws/install/vr_sim
[0.164s] -- The C compiler identification is GNU 11.4.0
[0.223s] -- The CXX compiler identification is GNU 11.4.0
[0.231s] -- Detecting C compiler ABI info
[0.301s] -- Detecting C compiler ABI info - done
[0.309s] -- Check for working C compiler: /usr/bin/cc - skipped
[0.309s] -- Detecting C compile features
[0.309s] -- Detecting C compile features - done
[0.312s] -- Detecting CXX compiler ABI info
[0.402s] -- Detecting CXX compiler ABI info - done
[0.412s] -- Check for working CXX compiler: /usr/bin/c++ - skipped
[0.412s] -- Detecting CXX compile features
[0.413s] -- Detecting CXX compile features - done
[0.416s] -- Found ament_cmake: 1.3.8 (/opt/ros/humble/share/ament_cmake/cmake)
[0.585s] -- Found Python3: /usr/bin/python3 (found version "3.10.12") found components: Interpreter 
[0.691s] -- Found rclcpp: 16.0.8 (/opt/ros/humble/share/rclcpp/cmake)
[0.755s] -- Found rosidl_generator_c: 3.1.5 (/opt/ros/humble/share/rosidl_generator_c/cmake)
[0.760s] -- Found rosidl_adapter: 3.1.5 (/opt/ros/humble/share/rosidl_adapter/cmake)
[0.772s] -- Found rosidl_generator_cpp: 3.1.5 (/opt/ros/humble/share/rosidl_generator_cpp/cmake)
[0.786s] -- Using all available rosidl_typesupport_c: rosidl_typesupport_fastrtps_c;rosidl_typesupport_introspection_c
[0.806s] -- Using all available rosidl_typesupport_cpp: rosidl_typesupport_fastrtps_cpp;rosidl_typesupport_introspection_cpp
[0.892s] -- Found rmw_implementation_cmake: 6.1.1 (/opt/ros/humble/share/rmw_implementation_cmake/cmake)
[0.895s] -- Found rmw_fastrtps_cpp: 6.2.6 (/opt/ros/humble/share/rmw_fastrtps_cpp/cmake)
[1.012s] -- Found OpenSSL: /usr/lib/x86_64-linux-gnu/libcrypto.so (found version "3.0.2")  
[1.057s] -- Found FastRTPS: /opt/ros/humble/include  
[1.129s] -- Using RMW implementation 'rmw_fastrtps_cpp' as default
[1.145s] -- Looking for pthread.h
[1.224s] -- Looking for pthread.h - found
[1.224s] -- Performing Test CMAKE_HAVE_LIBC_PTHREAD
[1.305s] -- Performing Test CMAKE_HAVE_LIBC_PTHREAD - Success
[1.307s] -- Found Threads: TRUE  
[1.485s] -- Found visualization_msgs: 4.2.3 (/opt/ros/humble/share/visualization_msgs/cmake)
[1.779s] -- Found tf2_ros: 0.25.6 (/opt/ros/humble/share/tf2_ros/cmake)
[2.278s] -- Found robot_state_publisher: 3.0.3 (/opt/ros/humble/share/robot_state_publisher/cmake)
[2.303s] -- Found eigen3_cmake_module: 0.1.1 (/opt/ros/humble/share/eigen3_cmake_module/cmake)
[2.304s] -- Found Eigen3: TRUE (found version "3.4.0") 
[2.304s] -- Ensuring Eigen3 include directory is part of orocos-kdl CMake target
[2.398s] -- Found gazebo_msgs: 3.7.0 (/opt/ros/humble/share/gazebo_msgs/cmake)
[2.663s] -- Found ament_lint_auto: 0.12.10 (/opt/ros/humble/share/ament_lint_auto/cmake)
[2.780s] -- Added test 'cppcheck' to perform static code analysis on C / C++ code
[2.780s] -- Configured cppcheck include dirs: 
[2.780s] -- Configured cppcheck exclude dirs and/or files: 
[2.781s] -- Added test 'flake8' to check Python code syntax and style conventions
[2.781s] -- Added test 'lint_cmake' to check CMake code style
[2.782s] -- Added test 'pep257' to check Python code against some of the docstring style conventions in PEP 257
[2.783s] -- Added test 'uncrustify' to check C / C++ code style
[2.784s] -- Configured uncrustify additional arguments: 
[2.784s] -- Added test 'xmllint' to check XML markup files
[2.785s] -- Configuring done
[2.801s] -- Generating done
[2.802s] -- Build files have been written to: /home/zulal/gazebo_ws/build/vr_sim
[2.829s] Invoked command in '/home/zulal/gazebo_ws/build/vr_sim' returned '0': CMAKE_PREFIX_PATH=${CMAKE_PREFIX_PATH}:/opt/ros/humble /usr/bin/cmake /home/zulal/gazebo_ws/src/vr_sim -DCMAKE_INSTALL_PREFIX=/home/zulal/gazebo_ws/install/vr_sim
[2.833s] Invoking command in '/home/zulal/gazebo_ws/build/vr_sim': CMAKE_PREFIX_PATH=${CMAKE_PREFIX_PATH}:/opt/ros/humble /usr/bin/cmake --build /home/zulal/gazebo_ws/build/vr_sim -- -j12 -l12
[2.890s] [ 50%] [32mBuilding CXX object CMakeFiles/robot_movement.dir/src/robot_movement.cpp.o[0m
[5.935s] [01m[K/home/zulal/gazebo_ws/src/vr_sim/src/robot_movement.cpp:[m[K In member function â€˜[01m[Kvoid RobotPoseGazebo::pose_callback(geometry_msgs::msg::PoseStamped_<std::allocator<void> >::SharedPtr)[m[Kâ€™:
[5.935s] [01m[K/home/zulal/gazebo_ws/src/vr_sim/src/robot_movement.cpp:30:26:[m[K [01;31m[Kerror: [m[Kno match for â€˜[01m[Koperator=[m[Kâ€™ (operand types are â€˜[01m[Kgazebo_msgs::srv::SetEntityState_Request_<std::allocator<void> >::_state_type[m[Kâ€™ {aka â€˜[01m[Kgazebo_msgs::msg::EntityState_<std::allocator<void> >[m[Kâ€™} and â€˜[01m[Kgazebo_msgs::msg::ModelState[m[Kâ€™ {aka â€˜[01m[Kgazebo_msgs::msg::ModelState_<std::allocator<void> >[m[Kâ€™})
[5.935s]    30 |         request->state = [01;31m[Kmodel_state[m[K; // Assign the correctly filled ModelState object
[5.935s]       |                          [01;31m[K^~~~~~~~~~~[m[K
[5.935s] In file included from [01m[K/opt/ros/humble/include/gazebo_msgs/gazebo_msgs/srv/detail/set_entity_state__struct.hpp:20[m[K,
[5.936s]                  from [01m[K/opt/ros/humble/include/gazebo_msgs/gazebo_msgs/srv/set_entity_state.hpp:7[m[K,
[5.936s]                  from [01m[K/home/zulal/gazebo_ws/src/vr_sim/src/robot_movement.cpp:3[m[K:
[5.936s] [01m[K/opt/ros/humble/include/gazebo_msgs/gazebo_msgs/msg/detail/entity_state__struct.hpp:38:8:[m[K [01;36m[Knote: [m[Kcandidate: â€˜[01m[Kgazebo_msgs::msg::EntityState_<std::allocator<void> >& gazebo_msgs::msg::EntityState_<std::allocator<void> >::operator=(const gazebo_msgs::msg::EntityState_<std::allocator<void> >&)[m[Kâ€™
[5.936s]    38 | struct [01;36m[KEntityState_[m[K
[5.936s]       |        [01;36m[K^~~~~~~~~~~~[m[K
[5.936s] [01m[K/opt/ros/humble/include/gazebo_msgs/gazebo_msgs/msg/detail/entity_state__struct.hpp:38:8:[m[K [01;36m[Knote: [m[K  no known conversion for argument 1 from â€˜[01m[Kgazebo_msgs::msg::ModelState[m[Kâ€™ {aka â€˜[01m[Kgazebo_msgs::msg::ModelState_<std::allocator<void> >[m[Kâ€™} to â€˜[01m[Kconst gazebo_msgs::msg::EntityState_<std::allocator<void> >&[m[Kâ€™
[5.936s] [01m[K/opt/ros/humble/include/gazebo_msgs/gazebo_msgs/msg/detail/entity_state__struct.hpp:38:8:[m[K [01;36m[Knote: [m[Kcandidate: â€˜[01m[Kgazebo_msgs::msg::EntityState_<std::allocator<void> >& gazebo_msgs::msg::EntityState_<std::allocator<void> >::operator=(gazebo_msgs::msg::EntityState_<std::allocator<void> >&&)[m[Kâ€™
[5.936s] [01m[K/opt/ros/humble/include/gazebo_msgs/gazebo_msgs/msg/detail/entity_state__struct.hpp:38:8:[m[K [01;36m[Knote: [m[K  no known conversion for argument 1 from â€˜[01m[Kgazebo_msgs::msg::ModelState[m[Kâ€™ {aka â€˜[01m[Kgazebo_msgs::msg::ModelState_<std::allocator<void> >[m[Kâ€™} to â€˜[01m[Kgazebo_msgs::msg::EntityState_<std::allocator<void> >&&[m[Kâ€™
[8.738s] gmake[2]: *** [CMakeFiles/robot_movement.dir/build.make:76: CMakeFiles/robot_movement.dir/src/robot_movement.cpp.o] Error 1
[8.738s] gmake[1]: *** [CMakeFiles/Makefile2:137: CMakeFiles/robot_movement.dir/all] Error 2
[8.738s] gmake: *** [Makefile:146: all] Error 2
[8.741s] Invoked command in '/home/zulal/gazebo_ws/build/vr_sim' returned '2': CMAKE_PREFIX_PATH=${CMAKE_PREFIX_PATH}:/opt/ros/humble /usr/bin/cmake --build /home/zulal/gazebo_ws/build/vr_sim -- -j12 -l12
